<?xml version="1.0" encoding="UTF-8"?>
<!-- Generated by org.testng.reporters.JUnitReportReporter -->
<testsuite hostname="LAPTOP-741J8H39" failures="0" tests="6" name="ExtraWork.ParallelBrowserProg" time="101.368" errors="0" timestamp="2023-01-28T21:08:57 IST" skipped="0">
  <testcase classname="ExtraWork.ParallelBrowserProg" name="browser4" time="6.560"/>
  <testcase classname="ExtraWork.ParallelBrowserProg" name="browser2" time="16.647"/>
  <testcase classname="ExtraWork.ParallelBrowserProg" name="browser3" time="16.932"/>
  <testcase classname="ExtraWork.ParallelBrowserProg" name="browser6" time="11.581"/>
  <testcase classname="ExtraWork.ParallelBrowserProg" name="browser1" time="16.792"/>
  <testcase classname="ExtraWork.ParallelBrowserProg" name="browser5" time="32.856"/>
</testsuite> <!-- ExtraWork.ParallelBrowserProg -->
