<?xml version="1.0" encoding="UTF-8"?>
<!-- Generated by org.testng.reporters.JUnitReportReporter -->
<testsuite hostname="LAPTOP-741J8H39" failures="0" tests="1" name="OrangePageTestCases.OrangeLoginPageTestCase" time="19.013" errors="0" timestamp="2023-01-29T22:30:22 IST" skipped="0">
  <testcase classname="OrangePageTestCases.OrangeLoginPageTestCase" name="verifyOrangeUrlTest" time="19.013"/>
</testsuite> <!-- OrangePageTestCases.OrangeLoginPageTestCase -->
