<?xml version="1.0" encoding="UTF-8"?>
<!-- Generated by org.testng.reporters.JUnitReportReporter -->
<testsuite hostname="LAPTOP-741J8H39" failures="0" tests="6" name="OrangePageTestCases.OrangeDashBoardTestCases" time="88.234" errors="0" timestamp="2023-01-28T21:33:19 IST" skipped="0">
  <testcase classname="OrangePageTestCases.OrangeDashBoardTestCases" name="verifyaboutPIMTest" time="16.935"/>
  <testcase classname="OrangePageTestCases.OrangeDashBoardTestCases" name="verifysearchTextboxTest" time="14.519"/>
  <testcase classname="OrangePageTestCases.OrangeDashBoardTestCases" name="verifyDashboardlabelTest" time="14.375"/>
  <testcase classname="OrangePageTestCases.OrangeDashBoardTestCases" name="verifyCurrentURL" time="13.256"/>
  <testcase classname="OrangePageTestCases.OrangeDashBoardTestCases" name="verifyOrangeLogoTest" time="15.353"/>
  <testcase classname="OrangePageTestCases.OrangeDashBoardTestCases" name="verifyadminInfoTest" time="13.796"/>
</testsuite> <!-- OrangePageTestCases.OrangeDashBoardTestCases -->
