<?xml version="1.0" encoding="UTF-8"?>
<!-- Generated by org.testng.reporters.JUnitReportReporter -->
<testsuite hostname="LAPTOP-741J8H39" failures="0" tests="13" name="TestCase.InventarPageTest" time="148.837" errors="0" timestamp="2023-01-28T21:27:01 IST" skipped="0">
  <testcase classname="TestCase.InventarPageTest" name="verifytwitterLogoTest" time="8.722"/>
  <testcase classname="TestCase.InventarPageTest" name="verifyrobotlogoTest" time="8.935"/>
  <testcase classname="TestCase.InventarPageTest" name="verifycartbtnTest" time="10.190"/>
  <testcase classname="TestCase.InventarPageTest" name="verifyfacebookLogoTest" time="8.944"/>
  <testcase classname="TestCase.InventarPageTest" name="verifyURLTest" time="8.776"/>
  <testcase classname="TestCase.InventarPageTest" name="verifypeek1LogoTest" time="15.440"/>
  <testcase classname="TestCase.InventarPageTest" name="verifyinfoAboutTest" time="8.757"/>
  <testcase classname="TestCase.InventarPageTest" name="verifycartBtnClickableTest" time="13.482"/>
  <testcase classname="TestCase.InventarPageTest" name="verifylinkedInTest" time="9.312"/>
  <testcase classname="TestCase.InventarPageTest" name="verifyCartPageOpenTest" time="29.166"/>
  <testcase classname="TestCase.InventarPageTest" name="verifydropdownTest" time="8.990"/>
  <testcase classname="TestCase.InventarPageTest" name="verifyMenuBtnTest" time="9.243"/>
  <testcase classname="TestCase.InventarPageTest" name="verifyAppLogoTest" time="8.880"/>
</testsuite> <!-- TestCase.InventarPageTest -->
