<?xml version="1.0" encoding="UTF-8"?>
<!-- Generated by org.testng.reporters.JUnitReportReporter -->
<testsuite hostname="LAPTOP-741J8H39" failures="0" tests="1" name="TestCase.CartPageTest" time="19.728" errors="0" timestamp="2023-01-21T18:56:22 IST" skipped="0">
  <testcase classname="TestCase.CartPageTest" name="verifyCartPageTitletest" time="19.728"/>
</testsuite> <!-- TestCase.CartPageTest -->
