<?xml version="1.0" encoding="UTF-8"?>
<!-- Generated by org.testng.reporters.JUnitReportReporter -->
<testsuite hostname="LAPTOP-741J8H39" failures="0" tests="1" name="TestCase.CheckoutStepSecondTest" time="17.385" errors="0" timestamp="2023-01-05T11:16:49 IST" skipped="0">
  <testcase classname="TestCase.CheckoutStepSecondTest" name="verifytitleSeconCheckOutTest" time="17.385"/>
</testsuite> <!-- TestCase.CheckoutStepSecondTest -->
