<?xml version="1.0" encoding="UTF-8"?>
<!-- Generated by org.testng.reporters.JUnitReportReporter -->
<testsuite hostname="LAPTOP-741J8H39" failures="0" tests="1" name="TestCase.LogInPageTestCase" time="9.784" errors="0" timestamp="2023-02-14T16:52:08 IST" skipped="0">
  <testcase classname="TestCase.LogInPageTestCase" name="verifySauceLabURLTest" time="9.784"/>
</testsuite> <!-- TestCase.LogInPageTestCase -->
