<?xml version="1.0" encoding="UTF-8"?>
<!-- Generated by org.testng.reporters.JUnitReportReporter -->
<testsuite hostname="LAPTOP-741J8H39" failures="0" tests="1" name="TestCase.CheckOutStepOneTest" time="16.394" errors="0" timestamp="2023-01-05T11:15:30 IST" skipped="0">
  <testcase classname="TestCase.CheckOutStepOneTest" name="verifyCheckoutBtnTest" time="16.394"/>
</testsuite> <!-- TestCase.CheckOutStepOneTest -->
